sample.interval=20000
"parse" "doTryCatch" "tryCatchOne" "tryCatchList" "tryCatch" "withCallingHandlers" "quietly" ".rs.getAnywhere" ".rs.resolveObjectFromFunctionCall" ".rs.getCompletionsFunction" ".rs.appendCompletions" ".rs.getRCompletions" ".rs.appendCompletions" "<Anonymous>" 
"ls" "FUN" "lapply" ".rs.objectsOnSearchPath" ".rs.getCompletionsSearchPath" "Reduce" "<Anonymous>" 
"grepl" ".rs.makeCompletions" "FUN" "lapply" "Reduce" ".rs.appendCompletions" ".rs.getCompletionsLibraryContext" "Reduce" "<Anonymous>" 
sample.interval=20000
"tabulate" "array" "table" "summaryRprof" 
"gc" "closeAllConnections" "sys.save.image" 
"gc" "closeAllConnections" "sys.save.image" 
"gc" "closeAllConnections" "sys.save.image" 
"gc" "closeAllConnections" "sys.save.image" 
"gc" "closeAllConnections" "sys.save.image" 
"gc" "closeAllConnections" "sys.save.image" 
"gc" "closeAllConnections" "sys.save.image" 
"gc" "closeAllConnections" "sys.save.image" 
"gc" "closeAllConnections" "sys.save.image" 
"gc" "closeAllConnections" "sys.save.image" 
"gc" "closeAllConnections" "sys.save.image" 
"gc" "closeAllConnections" "sys.save.image" 
"gc" "closeAllConnections" "sys.save.image" 
"gc" "closeAllConnections" "sys.save.image" 
"gc" "closeAllConnections" "sys.save.image" 
"gc" "closeAllConnections" "sys.save.image" 
"gc" "closeAllConnections" "sys.save.image" 
"gc" "closeAllConnections" "sys.save.image" 
"gc" "closeAllConnections" "sys.save.image" 
"close.connection" "close" "save" "save.image" "sys.save.image" 
"makeRestartList" "withRestarts" ".signalSimpleWarning" "rm" "withCallingHandlers" "suppressWarnings" "<Anonymous>" 
"makeRestartList" "withRestarts" ".signalSimpleWarning" "rm" "withCallingHandlers" "suppressWarnings" "<Anonymous>" 
"makeRestartList" "withRestarts" ".signalSimpleWarning" "rm" "withCallingHandlers" "suppressWarnings" "<Anonymous>" 
"makeRestartList" "withRestarts" ".signalSimpleWarning" "rm" "withCallingHandlers" "suppressWarnings" "<Anonymous>" 
"makeRestartList" "withRestarts" ".signalSimpleWarning" "rm" "withCallingHandlers" "suppressWarnings" "<Anonymous>" 
"makeRestartList" "withRestarts" ".signalSimpleWarning" "rm" "withCallingHandlers" "suppressWarnings" "<Anonymous>" 
"makeRestartList" "withRestarts" ".signalSimpleWarning" "rm" "withCallingHandlers" "suppressWarnings" "<Anonymous>" 
"makeRestartList" "withRestarts" ".signalSimpleWarning" "rm" "withCallingHandlers" "suppressWarnings" "<Anonymous>" 
"makeRestartList" "withRestarts" ".signalSimpleWarning" "rm" "withCallingHandlers" "suppressWarnings" "<Anonymous>" 
"makeRestartList" "withRestarts" ".signalSimpleWarning" "rm" "withCallingHandlers" "suppressWarnings" "<Anonymous>" 
"makeRestartList" "withRestarts" ".signalSimpleWarning" "rm" "withCallingHandlers" "suppressWarnings" "<Anonymous>" 
"makeRestartList" "withRestarts" ".signalSimpleWarning" "rm" "withCallingHandlers" "suppressWarnings" "<Anonymous>" 
"makeRestartList" "withRestarts" ".signalSimpleWarning" "rm" "withCallingHandlers" "suppressWarnings" "<Anonymous>" 
